2016-05-18 15:06:04,285 [FileSystemWatcher: files=#103 cl=groovy.lang.GroovyClassLoader@253d9f73] ERROR StackTrace  - Full Stack Trace:
java.lang.LinkageError: loader (instance of  org/springsource/loaded/ChildClassLoader): attempted  duplicate class definition for name: "test/Room$__clinit__closure1$$DPlXmHwM"
	at java.lang.ClassLoader.defineClass1(Native Method)
	at java.lang.ClassLoader.defineClass(ClassLoader.java:763)
	at java.lang.ClassLoader.defineClass(ClassLoader.java:642)
	at org.springsource.loaded.ChildClassLoader.defineClass(ChildClassLoader.java:37)
	at org.springsource.loaded.TypeRegistry.defineClass(TypeRegistry.java:1116)
	at org.springsource.loaded.CurrentLiveVersion.define(CurrentLiveVersion.java:111)
	at org.springsource.loaded.CurrentLiveVersion.<init>(CurrentLiveVersion.java:99)
	at org.springsource.loaded.ReloadableType.loadNewVersion(ReloadableType.java:396)
	at org.springsource.loaded.TypeRegistry.loadNewVersion(TypeRegistry.java:845)
	at org.springsource.loaded.agent.ReloadableFileChangeListener.fileChanged(ReloadableFileChangeListener.java:51)
	at org.springsource.loaded.agent.Watcher.determineChangesSince(FileSystemWatcher.java:235)
	at org.springsource.loaded.agent.Watcher.run(FileSystemWatcher.java:219)
	at java.lang.Thread.run(Thread.java:745)
2016-05-18 15:06:04,464 [FileSystemWatcher: files=#103 cl=groovy.lang.GroovyClassLoader@253d9f73] ERROR StackTrace  - Full Stack Trace:
java.lang.LinkageError: loader (instance of  org/springsource/loaded/ChildClassLoader): attempted  duplicate class definition for name: "test/Room$__clinit__closure1$$DPlXmHwM"
	at java.lang.ClassLoader.defineClass(ClassLoader.java:763)
	at java.lang.ClassLoader.defineClass(ClassLoader.java:642)
	at java.lang.Thread.run(Thread.java:745)
2016-05-18 15:06:04,464 [FileSystemWatcher: files=#103 cl=groovy.lang.GroovyClassLoader@253d9f73] ERROR StackTrace  - Full Stack Trace:
java.lang.LinkageError: loader (instance of  org/springsource/loaded/ChildClassLoader): attempted  duplicate class definition for name: "test/Room$__clinit__closure1$$DPlXmHwM"
	at java.lang.ClassLoader.defineClass(ClassLoader.java:763)
	at java.lang.ClassLoader.defineClass(ClassLoader.java:642)
	at java.lang.Thread.run(Thread.java:745)
2016-05-18 15:06:04,465 [FileSystemWatcher: files=#103 cl=groovy.lang.GroovyClassLoader@253d9f73] ERROR StackTrace  - Full Stack Trace:
java.lang.LinkageError: loader (instance of  org/springsource/loaded/ChildClassLoader): attempted  duplicate class definition for name: "test/Room$__clinit__closure1$$DPlXmHwM"
	at java.lang.ClassLoader.defineClass(ClassLoader.java:763)
	at java.lang.ClassLoader.defineClass(ClassLoader.java:642)
	at java.lang.Thread.run(Thread.java:745)
2016-05-18 15:06:07,543 [FileSystemWatcher: files=#103 cl=groovy.lang.GroovyClassLoader@253d9f73] ERROR StackTrace  - Full Stack Trace:
java.lang.LinkageError: loader (instance of  org/springsource/loaded/ChildClassLoader): attempted  duplicate class definition for name: "test/Room$$DPlXmHwJ"
	at java.lang.ClassLoader.defineClass1(Native Method)
	at java.lang.ClassLoader.defineClass(ClassLoader.java:763)
	at java.lang.ClassLoader.defineClass(ClassLoader.java:642)
	at org.springsource.loaded.ChildClassLoader.defineClass(ChildClassLoader.java:37)
	at org.springsource.loaded.TypeRegistry.defineClass(TypeRegistry.java:1116)
	at org.springsource.loaded.CurrentLiveVersion.define(CurrentLiveVersion.java:111)
	at org.springsource.loaded.CurrentLiveVersion.<init>(CurrentLiveVersion.java:99)
	at org.springsource.loaded.ReloadableType.loadNewVersion(ReloadableType.java:396)
	at org.springsource.loaded.TypeRegistry.loadNewVersion(TypeRegistry.java:845)
	at org.springsource.loaded.agent.ReloadableFileChangeListener.fileChanged(ReloadableFileChangeListener.java:51)
	at org.springsource.loaded.agent.Watcher.determineChangesSince(FileSystemWatcher.java:235)
	at org.springsource.loaded.agent.Watcher.run(FileSystemWatcher.java:219)
	at java.lang.Thread.run(Thread.java:745)
2016-05-18 15:06:07,544 [FileSystemWatcher: files=#103 cl=groovy.lang.GroovyClassLoader@253d9f73] ERROR StackTrace  - Full Stack Trace:
java.lang.LinkageError: loader (instance of  org/springsource/loaded/ChildClassLoader): attempted  duplicate class definition for name: "test/Room$$DPlXmHwJ"
	at java.lang.ClassLoader.defineClass(ClassLoader.java:763)
	at java.lang.ClassLoader.defineClass(ClassLoader.java:642)
	at java.lang.Thread.run(Thread.java:745)
2016-05-18 15:06:07,545 [FileSystemWatcher: files=#103 cl=groovy.lang.GroovyClassLoader@253d9f73] ERROR StackTrace  - Full Stack Trace:
java.lang.LinkageError: loader (instance of  org/springsource/loaded/ChildClassLoader): attempted  duplicate class definition for name: "test/Room$$DPlXmHwJ"
	at java.lang.ClassLoader.defineClass(ClassLoader.java:763)
	at java.lang.ClassLoader.defineClass(ClassLoader.java:642)
	at java.lang.Thread.run(Thread.java:745)
2016-05-18 15:06:07,545 [FileSystemWatcher: files=#103 cl=groovy.lang.GroovyClassLoader@253d9f73] ERROR StackTrace  - Full Stack Trace:
java.lang.LinkageError: loader (instance of  org/springsource/loaded/ChildClassLoader): attempted  duplicate class definition for name: "test/Room$$DPlXmHwJ"
	at java.lang.ClassLoader.defineClass(ClassLoader.java:763)
	at java.lang.ClassLoader.defineClass(ClassLoader.java:642)
	at java.lang.Thread.run(Thread.java:745)
2016-05-18 15:07:15,700 [FileSystemWatcher: files=#72 cl=java.net.URLClassLoader@60c8a093] ERROR StackTrace  - Full Stack Trace:
groovy.lang.GroovyRuntimeException: Ambiguous method overloading for method grails.spring.BeanBuilder#registerBeans.
Cannot resolve which method to invoke for [null] due to overlapping prototypes between:
	[interface org.codehaus.groovy.grails.commons.spring.RuntimeSpringConfiguration]
	[interface org.springframework.beans.factory.support.BeanDefinitionRegistry]
	at groovy.lang.MetaClassImpl.chooseMostSpecificParams(MetaClassImpl.java:3238)
	at groovy.lang.MetaClassImpl.chooseMethodInternal(MetaClassImpl.java:3191)
	at groovy.lang.MetaClassImpl.chooseMethod(MetaClassImpl.java:3134)
	at groovy.lang.MetaClassImpl.getMethodWithCachingInternal(MetaClassImpl.java:1325)
	at groovy.lang.MetaClassImpl.createPogoCallSite(MetaClassImpl.java:3402)
	at groovy.lang.ExpandoMetaClass.createPogoCallSite(ExpandoMetaClass.java:1310)
	at org.codehaus.groovy.runtime.callsite.CallSiteArray.createPogoSite(CallSiteArray.java:147)
	at org.codehaus.groovy.runtime.callsite.CallSiteArray.createCallSite(CallSiteArray.java:161)
	at org.codehaus.groovy.runtime.callsite.CallSiteArray.defaultCall(CallSiteArray.java:45)
	at org.codehaus.groovy.runtime.callsite.AbstractCallSite.call(AbstractCallSite.java:110)
	at org.codehaus.groovy.runtime.callsite.AbstractCallSite.call(AbstractCallSite.java:122)
	at org.codehaus.groovy.grails.plugins.DomainClassGrailsPlugin$_closure3.doCall(DomainClassGrailsPlugin.groovy:154)
	at sun.reflect.NativeMethodAccessorImpl.invoke0(Native Method)
	at sun.reflect.NativeMethodAccessorImpl.invoke(NativeMethodAccessorImpl.java:62)
	at sun.reflect.DelegatingMethodAccessorImpl.invoke(DelegatingMethodAccessorImpl.java:43)
	at java.lang.reflect.Method.invoke(Method.java:498)
	at org.springsource.loaded.ri.ReflectiveInterceptor.jlrMethodInvoke(ReflectiveInterceptor.java:1276)
	at org.codehaus.groovy.reflection.CachedMethod.invoke(CachedMethod.java:90)
	at groovy.lang.MetaMethod.doMethodInvoke(MetaMethod.java:324)
	at groovy.lang.MetaClassImpl.invokeMethod(MetaClassImpl.java:1207)
	at groovy.lang.ExpandoMetaClass.invokeMethod(ExpandoMetaClass.java:1121)
	at groovy.lang.MetaClassImpl.invokeMethod(MetaClassImpl.java:1016)
	at groovy.lang.Closure.call(Closure.java:423)
	at org.codehaus.groovy.grails.plugins.DefaultGrailsPlugin.invokeOnChangeListener(DefaultGrailsPlugin.java:767)
	at org.codehaus.groovy.grails.plugins.DefaultGrailsPlugin.notifyOfEvent(DefaultGrailsPlugin.java:716)
	at org.codehaus.groovy.grails.plugins.DefaultGrailsPlugin.notifyOfEvent(DefaultGrailsPlugin.java:731)
	at org.codehaus.groovy.grails.plugins.AbstractGrailsPluginManager.informOfClassChange(AbstractGrailsPluginManager.java:408)
	at org.codehaus.groovy.grails.project.compiler.GrailsProjectWatcher$2.run(GrailsProjectWatcher.java:246)
	at org.codehaus.groovy.grails.project.compiler.GrailsProjectWatcher.firePendingClassChangeEvents(GrailsProjectWatcher.java:107)
	at org.codehaus.groovy.grails.cli.agent.GrailsPluginManagerReloadPlugin.reloadEvent(GrailsPluginManagerReloadPlugin.java:42)
	at org.springsource.loaded.TypeRegistry.fireReloadEvent(TypeRegistry.java:1794)
	at org.springsource.loaded.ReloadableType.loadNewVersion(ReloadableType.java:417)
	at org.springsource.loaded.TypeRegistry.loadNewVersion(TypeRegistry.java:845)
	at org.springsource.loaded.agent.ReloadableFileChangeListener.fileChanged(ReloadableFileChangeListener.java:51)
	at org.springsource.loaded.agent.Watcher.determineChangesSince(FileSystemWatcher.java:235)
	at org.springsource.loaded.agent.Watcher.run(FileSystemWatcher.java:219)
	at java.lang.Thread.run(Thread.java:745)
2016-05-18 15:07:15,941 [FileSystemWatcher: files=#72 cl=java.net.URLClassLoader@60c8a093] ERROR StackTrace  - Full Stack Trace:
groovy.lang.GroovyRuntimeException: Ambiguous method overloading for method grails.spring.BeanBuilder#registerBeans.
Cannot resolve which method to invoke for [null] due to overlapping prototypes between:
	[interface org.codehaus.groovy.grails.commons.spring.RuntimeSpringConfiguration]
	[interface org.springframework.beans.factory.support.BeanDefinitionRegistry]
	at java.lang.Thread.run(Thread.java:745)
2016-05-18 15:07:15,942 [FileSystemWatcher: files=#72 cl=java.net.URLClassLoader@60c8a093] ERROR StackTrace  - Full Stack Trace:
groovy.lang.GroovyRuntimeException: Ambiguous method overloading for method grails.spring.BeanBuilder#registerBeans.
Cannot resolve which method to invoke for [null] due to overlapping prototypes between:
	[interface org.codehaus.groovy.grails.commons.spring.RuntimeSpringConfiguration]
	[interface org.springframework.beans.factory.support.BeanDefinitionRegistry]
	at java.lang.Thread.run(Thread.java:745)
2016-05-18 15:07:15,943 [FileSystemWatcher: files=#72 cl=java.net.URLClassLoader@60c8a093] ERROR StackTrace  - Full Stack Trace:
groovy.lang.GroovyRuntimeException: Ambiguous method overloading for method grails.spring.BeanBuilder#registerBeans.
Cannot resolve which method to invoke for [null] due to overlapping prototypes between:
	[interface org.codehaus.groovy.grails.commons.spring.RuntimeSpringConfiguration]
	[interface org.springframework.beans.factory.support.BeanDefinitionRegistry]
	at java.lang.Thread.run(Thread.java:745)
